{"uuid":"a8fe1c67-e660-47e9-855d-daa12001645e","historyId":"d494decf45b423f5030ab7182bd2788","fullName":"io.cucumber.testng.AbstractTestNGCucumberTests.runScenario","labels":[{"name":"package","value":"com.zywi.ui.testrunner.TestRunner"},{"name":"testClass","value":"com.zywi.ui.testrunner.TestRunner"},{"name":"testMethod","value":"runScenario"},{"name":"parentSuite","value":"Default suite"},{"name":"suite","value":"Default test"},{"name":"subSuite","value":"com.zywi.ui.testrunner.TestRunner"},{"name":"host","value":"DESKTOP-KKVPML6"},{"name":"thread","value":"5064@DESKTOP-KKVPML6.main(1)"},{"name":"framework","value":"testng"},{"name":"language","value":"java"}],"links":[],"name":"Runs Cucumber Scenarios","status":"broken","statusDetails":{"known":false,"muted":false,"flaky":false,"message":"java.lang.RuntimeException: java.io.FileNotFoundException: C:\\VijayQAProjects\\New-Selenium-Cucumber-TestNg-Java-Automation\\ZywieOnePro\\src\\test\\resource\\Config\\config.properties (The system cannot find the path specified)","trace":"java.lang.RuntimeException: java.lang.RuntimeException: java.io.FileNotFoundException: C:\\VijayQAProjects\\New-Selenium-Cucumber-TestNg-Java-Automation\\ZywieOnePro\\src\\test\\resource\\Config\\config.properties (The system cannot find the path specified)\r\n\tat com.zywi.ui.utils.BaseClass.launchApplication(BaseClass.java:109)\r\n\tat com.zywi.ui.stepdefinition.LoginStepDefinition.user_launches_browser_and_opens_login_page(LoginStepDefinition.java:32)\r\n\tat âœ½.User launches \"edge\" browser and opens the Login Page(classpath:Features/Login.feature:6)\r\nCaused by: java.lang.RuntimeException: java.io.FileNotFoundException: C:\\VijayQAProjects\\New-Selenium-Cucumber-TestNg-Java-Automation\\ZywieOnePro\\src\\test\\resource\\Config\\config.properties (The system cannot find the path specified)\r\n\tat com.zywi.ui.utils.BaseClass.loadConfig(BaseClass.java:46)\r\n\tat com.zywi.ui.utils.BaseClass.launchApplication(BaseClass.java:59)\r\n\t... 2 more\r\nCaused by: java.io.FileNotFoundException: C:\\VijayQAProjects\\New-Selenium-Cucumber-TestNg-Java-Automation\\ZywieOnePro\\src\\test\\resource\\Config\\config.properties (The system cannot find the path specified)\r\n\tat java.base/java.io.FileInputStream.open0(Native Method)\r\n\tat java.base/java.io.FileInputStream.open(FileInputStream.java:219)\r\n\tat java.base/java.io.FileInputStream.<init>(FileInputStream.java:159)\r\n\tat com.zywi.ui.utils.BaseClass.loadConfig(BaseClass.java:42)\r\n\t... 3 more\r\n"},"stage":"finished","steps":[],"attachments":[],"parameters":[{"name":"arg1","value":"\"Login functionality\""},{"name":"arg0","value":"\"Verify Valid Login Credentials\""}],"start":1753201415467,"stop":1753201415488}